<?xml version="1.0" encoding="UTF-8"?>
<!-- Generated by org.testng.reporters.JUnitReportReporter -->
<testsuite skipped="0" hostname="DESKTOP-LJAU3TG" name="QA.Automation.Testcase1" tests="1" failures="0" timestamp="2020-09-03T10:29:17 IST" time="4.623" errors="0">
  <testcase name="test" time="4.623" classname="QA.Automation.Testcase1"/>
</testsuite> <!-- QA.Automation.Testcase1 -->
