<?xml version="1.0" encoding="UTF-8"?>
<!-- Generated by org.testng.reporters.JUnitReportReporter -->
<testsuite skipped="0" hostname="DESKTOP-LJAU3TG" name="Functions.SQL_functions" tests="1" failures="0" timestamp="2020-09-02T14:31:43 IST" time="21.207" errors="0">
  <testcase name="Create_connection" time="21.207" classname="Functions.SQL_functions"/>
</testsuite> <!-- Functions.SQL_functions -->
